<?xml version="1.0" encoding="UTF-8"?>
<!-- Generated by org.testng.reporters.JUnitReportReporter -->
<testsuite hostname="66057386f2c3" failures="0" tests="2" name="runners.TestRunner" time="90.235" errors="0" timestamp="2024-02-05T07:26:13 GMT" skipped="0">
  <testcase classname="runners.TestRunner" name="runScenario" time="46.734"/>
  <testcase classname="runners.TestRunner" name="runScenario" time="43.501"/>
</testsuite> <!-- runners.TestRunner -->
