<?xml version="1.0" encoding="UTF-8"?>
<!-- Generated by org.testng.reporters.JUnitReportReporter -->
<testsuite hostname="d6946145d9e7" failures="0" tests="2" name="runners.TestRunner" time="39.109" errors="0" timestamp="2024-02-03T14:15:26 GMT" skipped="0">
  <testcase classname="runners.TestRunner" name="runScenario" time="18.356"/>
  <testcase classname="runners.TestRunner" name="runScenario" time="20.753"/>
</testsuite> <!-- runners.TestRunner -->
