<?xml version="1.0" encoding="UTF-8"?>
<!-- Generated by org.testng.reporters.JUnitReportReporter -->
<testsuite hostname="f100323e9b6a" failures="0" tests="2" name="runners.TestRunner" time="88.767" errors="0" timestamp="2024-02-05T07:26:12 GMT" skipped="0">
  <testcase classname="runners.TestRunner" name="runScenario" time="45.868"/>
  <testcase classname="runners.TestRunner" name="runScenario" time="42.899"/>
</testsuite> <!-- runners.TestRunner -->
