<?xml version="1.0" encoding="UTF-8"?>
<!-- Generated by org.testng.reporters.JUnitReportReporter -->
<testsuite hostname="e6ed0371fa1b" failures="0" tests="2" name="runners.TestRunner" time="38.681" errors="0" timestamp="2024-02-03T14:15:25 GMT" skipped="0">
  <testcase classname="runners.TestRunner" name="runScenario" time="19.344"/>
  <testcase classname="runners.TestRunner" name="runScenario" time="19.337"/>
</testsuite> <!-- runners.TestRunner -->
